<?xml version="1.0" encoding="UTF-8"?>
<!-- Generated by org.testng.reporters.JUnitXMLReporter -->
<testsuite ignored="4" hostname="TYSS-Deeksha-M" failures="0" tests="0" time="0.01" errors="0" timestamp="2023-12-16T00:30:24 IST">
  <testcase classname="testng.TC_DWS_001" name="add" time="0.0">
    <ignored/>
  </testcase> <!-- add -->
  <testcase classname="testng.TC_DWS_001" name="remove" time="0.0">
    <ignored/>
  </testcase> <!-- remove -->
  <testcase classname="testng.TC_DWS_001" name="delete" time="0.0">
    <ignored/>
  </testcase> <!-- delete -->
  <testcase classname="testng.Tc_DWS_002" name="addProductToCart" time="0.0">
    <ignored/>
  </testcase> <!-- addProductToCart -->
</testsuite>
